# JRE version: OpenJDK Runtime Environment (24.0.1+9) (build 24.0.1+9-30)
# Java VM: OpenJDK 64-Bit Server VM (24.0.1+9-30, mixed mode, sharing, tiered, compressed oops, compressed class ptrs, g1 gc, windows-amd64)
GC Precious Log:
 CardTable entry size: 512
 Card Set container configuration: InlinePtr #cards 4 size 8 Array Of Cards #cards 16 size 48 Howl #buckets 8 coarsen threshold 3686 Howl Bitmap #cards 512 size 80 coarsen threshold 460 Card regions per heap region 1 cards per card region 4096
 CPUs: 4 total, 4 available
 Memory: 16267M
 Large Page Support: Disabled
 NUMA Support: Disabled
 Compressed Oops: Enabled (Zero based)
 Heap Region Size: 2M
 Heap Min Capacity: 8M
 Heap Initial Capacity: 256M
 Heap Max Capacity: 4068M
 Pre-touch: Disabled
 Parallel Workers: 4
 Concurrent Workers: 1
 Concurrent Refinement Workers: 4
 Periodic GC: Disabled
Heap:
 garbage-first heap   total reserved 4165632K, committed 102400K, used 40791K [0x0000000701c00000, 0x0000000800000000)
  region size 2048K, 11 young (22528K), 4 survivors (8192K)
 Metaspace       used 69994K, committed 70528K, reserved 1114112K
  class space    used 7732K, committed 7936K, reserved 1048576K
GC Heap History (20 events):
Event: 3.670 GC heap before
{Heap before GC invocations=1 (full 0):
 garbage-first heap   total reserved 4165632K, committed 264192K, used 70131K [0x0000000701c00000, 0x0000000800000000)
  region size 2048K, 32 young (65536K), 2 survivors (4096K)
 Metaspace       used 21209K, committed 21504K, reserved 1114112K
  class space    used 2125K, committed 2240K, reserved 1048576K
}
Event: 3.682 GC heap after
{Heap after GC invocations=2 (full 0):
 garbage-first heap   total reserved 4165632K, committed 264192K, used 14909K [0x0000000701c00000, 0x0000000800000000)
  region size 2048K, 5 young (10240K), 5 survivors (10240K)
 Metaspace       used 21209K, committed 21504K, reserved 1114112K
  class space    used 2125K, committed 2240K, reserved 1048576K
}
Event: 4.422 GC heap before
{Heap before GC invocations=3 (full 0):
 garbage-first heap   total reserved 4165632K, committed 61440K, used 41533K [0x0000000701c00000, 0x0000000800000000)
  region size 2048K, 18 young (36864K), 5 survivors (10240K)
 Metaspace       used 26971K, committed 27264K, reserved 1114112K
  class space    used 2722K, committed 2816K, reserved 1048576K
}
Event: 4.433 GC heap after
{Heap after GC invocations=4 (full 0):
 garbage-first heap   total reserved 4165632K, committed 61440K, used 16536K [0x0000000701c00000, 0x0000000800000000)
  region size 2048K, 1 young (2048K), 1 survivors (2048K)
 Metaspace       used 26971K, committed 27264K, reserved 1114112K
  class space    used 2722K, committed 2816K, reserved 1048576K
}
Event: 5.106 GC heap before
{Heap before GC invocations=4 (full 0):
 garbage-first heap   total reserved 4165632K, committed 61440K, used 41112K [0x0000000701c00000, 0x0000000800000000)
  region size 2048K, 13 young (26624K), 1 survivors (2048K)
 Metaspace       used 31574K, committed 32000K, reserved 1114112K
  class space    used 3148K, committed 3328K, reserved 1048576K
}
Event: 5.118 GC heap after
{Heap after GC invocations=5 (full 0):
 garbage-first heap   total reserved 4165632K, committed 61440K, used 18668K [0x0000000701c00000, 0x0000000800000000)
  region size 2048K, 2 young (4096K), 2 survivors (4096K)
 Metaspace       used 31574K, committed 32000K, reserved 1114112K
  class space    used 3148K, committed 3328K, reserved 1048576K
}
Event: 6.257 GC heap before
{Heap before GC invocations=5 (full 0):
 garbage-first heap   total reserved 4165632K, committed 61440K, used 43244K [0x0000000701c00000, 0x0000000800000000)
  region size 2048K, 14 young (28672K), 2 survivors (4096K)
 Metaspace       used 34219K, committed 34624K, reserved 1114112K
  class space    used 3414K, committed 3584K, reserved 1048576K
}
Event: 6.267 GC heap after
{Heap after GC invocations=6 (full 0):
 garbage-first heap   total reserved 4165632K, committed 61440K, used 20791K [0x0000000701c00000, 0x0000000800000000)
  region size 2048K, 2 young (4096K), 2 survivors (4096K)
 Metaspace       used 34219K, committed 34624K, reserved 1114112K
  class space    used 3414K, committed 3584K, reserved 1048576K
}
Event: 6.846 GC heap before
{Heap before GC invocations=6 (full 0):
 garbage-first heap   total reserved 4165632K, committed 61440K, used 31031K [0x0000000701c00000, 0x0000000800000000)
  region size 2048K, 8 young (16384K), 2 survivors (4096K)
 Metaspace       used 35629K, committed 35968K, reserved 1114112K
  class space    used 3577K, committed 3712K, reserved 1048576K
}
Event: 6.856 GC heap after
{Heap after GC invocations=7 (full 0):
 garbage-first heap   total reserved 4165632K, committed 61440K, used 21359K [0x0000000701c00000, 0x0000000800000000)
  region size 2048K, 1 young (2048K), 1 survivors (2048K)
 Metaspace       used 35629K, committed 35968K, reserved 1114112K
  class space    used 3577K, committed 3712K, reserved 1048576K
}
Event: 8.170 GC heap before
{Heap before GC invocations=8 (full 0):
 garbage-first heap   total reserved 4165632K, committed 61440K, used 43887K [0x0000000701c00000, 0x0000000800000000)
  region size 2048K, 13 young (26624K), 1 survivors (2048K)
 Metaspace       used 38923K, committed 39360K, reserved 1114112K
  class space    used 4000K, committed 4224K, reserved 1048576K
}
Event: 8.181 GC heap after
{Heap after GC invocations=9 (full 0):
 garbage-first heap   total reserved 4165632K, committed 61440K, used 23360K [0x0000000701c00000, 0x0000000800000000)
  region size 2048K, 2 young (4096K), 2 survivors (4096K)
 Metaspace       used 38923K, committed 39360K, reserved 1114112K
  class space    used 4000K, committed 4224K, reserved 1048576K
}
Event: 9.317 GC heap before
{Heap before GC invocations=9 (full 0):
 garbage-first heap   total reserved 4165632K, committed 61440K, used 45888K [0x0000000701c00000, 0x0000000800000000)
  region size 2048K, 14 young (28672K), 2 survivors (4096K)
 Metaspace       used 44321K, committed 44800K, reserved 1114112K
  class space    used 4545K, committed 4736K, reserved 1048576K
}
Event: 9.331 GC heap after
{Heap after GC invocations=10 (full 0):
 garbage-first heap   total reserved 4165632K, committed 61440K, used 24214K [0x0000000701c00000, 0x0000000800000000)
  region size 2048K, 1 young (2048K), 1 survivors (2048K)
 Metaspace       used 44321K, committed 44800K, reserved 1114112K
  class space    used 4545K, committed 4736K, reserved 1048576K
}
Event: 10.686 GC heap before
{Heap before GC invocations=10 (full 0):
 garbage-first heap   total reserved 4165632K, committed 61440K, used 46742K [0x0000000701c00000, 0x0000000800000000)
  region size 2048K, 13 young (26624K), 1 survivors (2048K)
 Metaspace       used 50316K, committed 50816K, reserved 1114112K
  class space    used 5175K, committed 5376K, reserved 1048576K
}
Event: 10.696 GC heap after
{Heap after GC invocations=11 (full 0):
 garbage-first heap   total reserved 4165632K, committed 161792K, used 25445K [0x0000000701c00000, 0x0000000800000000)
  region size 2048K, 2 young (4096K), 2 survivors (4096K)
 Metaspace       used 50316K, committed 50816K, reserved 1114112K
  class space    used 5175K, committed 5376K, reserved 1048576K
}
Event: 12.503 GC heap before
{Heap before GC invocations=11 (full 0):
 garbage-first heap   total reserved 4165632K, committed 161792K, used 62309K [0x0000000701c00000, 0x0000000800000000)
  region size 2048K, 22 young (45056K), 2 survivors (4096K)
 Metaspace       used 59613K, committed 60096K, reserved 1114112K
  class space    used 6176K, committed 6400K, reserved 1048576K
}
Event: 12.513 GC heap after
{Heap after GC invocations=12 (full 0):
 garbage-first heap   total reserved 4165632K, committed 161792K, used 27501K [0x0000000701c00000, 0x0000000800000000)
  region size 2048K, 3 young (6144K), 3 survivors (6144K)
 Metaspace       used 59613K, committed 60096K, reserved 1114112K
  class space    used 6176K, committed 6400K, reserved 1048576K
}
Event: 14.861 GC heap before
{Heap before GC invocations=13 (full 0):
 garbage-first heap   total reserved 4165632K, committed 102400K, used 82797K [0x0000000701c00000, 0x0000000800000000)
  region size 2048K, 30 young (61440K), 3 survivors (6144K)
 Metaspace       used 68158K, committed 68672K, reserved 1114112K
  class space    used 7343K, committed 7552K, reserved 1048576K
}
Event: 14.883 GC heap after
{Heap after GC invocations=14 (full 0):
 garbage-first heap   total reserved 4165632K, committed 102400K, used 30551K [0x0000000701c00000, 0x0000000800000000)
  region size 2048K, 4 young (8192K), 4 survivors (8192K)
 Metaspace       used 68158K, committed 68672K, reserved 1114112K
  class space    used 7343K, committed 7552K, reserved 1048576K
}

